[2026-02-20 00:55:24Z INFO HostContext] No proxy settings were found based on environmental variables (http_proxy/https_proxy/HTTP_PROXY/HTTPS_PROXY)
[2026-02-20 00:55:24Z INFO HostContext] Well known directory 'Bin': '/home/dad/Desktop/actions-runner/bin'
[2026-02-20 00:55:24Z INFO HostContext] Well known directory 'Root': '/home/dad/Desktop/actions-runner'
[2026-02-20 00:55:24Z INFO HostContext] Well known config file 'Credentials': '/home/dad/Desktop/actions-runner/.credentials'
[2026-02-20 00:55:24Z INFO HostContext] Well known directory 'Bin': '/home/dad/Desktop/actions-runner/bin'
[2026-02-20 00:55:24Z INFO HostContext] Well known directory 'Root': '/home/dad/Desktop/actions-runner'
[2026-02-20 00:55:24Z INFO HostContext] Well known config file 'Runner': '/home/dad/Desktop/actions-runner/.runner'
[2026-02-20 00:55:24Z INFO Listener] Runner is built for Linux (X64) - linux-x64.
[2026-02-20 00:55:24Z INFO Listener] RuntimeInformation: Ubuntu 22.04.5 LTS.
[2026-02-20 00:55:24Z INFO Listener] Version: 2.331.0
[2026-02-20 00:55:24Z INFO Listener] Commit: 39f6c643d3032f8795fa71f1482731ca90c8e038
[2026-02-20 00:55:24Z INFO Listener] Culture: en-US
[2026-02-20 00:55:24Z INFO Listener] UI Culture: en-US
[2026-02-20 00:55:24Z INFO HostContext] Well known directory 'Bin': '/home/dad/Desktop/actions-runner/bin'
[2026-02-20 00:55:24Z INFO HostContext] Well known directory 'Root': '/home/dad/Desktop/actions-runner'
[2026-02-20 00:55:24Z INFO Listener] Validating directory permissions for: '/home/dad/Desktop/actions-runner'
[2026-02-20 00:55:24Z INFO CommandLineParser] Parse
[2026-02-20 00:55:24Z INFO CommandLineParser] Parsing 5 args
[2026-02-20 00:55:24Z INFO CommandLineParser] parsing argument
[2026-02-20 00:55:24Z INFO CommandLineParser] HasArgs: False
[2026-02-20 00:55:24Z INFO CommandLineParser] Adding Command: configure
[2026-02-20 00:55:24Z INFO CommandLineParser] parsing argument
[2026-02-20 00:55:24Z INFO CommandLineParser] HasArgs: True
[2026-02-20 00:55:24Z INFO CommandLineParser] arg: url
[2026-02-20 00:55:24Z INFO CommandLineParser] parsing argument
[2026-02-20 00:55:24Z INFO CommandLineParser] HasArgs: True
[2026-02-20 00:55:24Z INFO CommandLineParser] Adding option 'url': 'https://github.com/cu-ecen-aeld/assignment-1-distefs0869'
[2026-02-20 00:55:24Z INFO CommandLineParser] parsing argument
[2026-02-20 00:55:24Z INFO CommandLineParser] HasArgs: True
[2026-02-20 00:55:24Z INFO CommandLineParser] arg: token
[2026-02-20 00:55:24Z INFO CommandLineParser] parsing argument
[2026-02-20 00:55:24Z INFO CommandLineParser] HasArgs: True
[2026-02-20 00:55:24Z INFO CommandLineParser] Adding option 'token': '***'
[2026-02-20 00:55:24Z INFO Listener] Arguments parsed
[2026-02-20 00:55:24Z INFO Runner] ExecuteCommand
[2026-02-20 00:55:24Z INFO ConfigurationStore] currentAssemblyLocation: /home/dad/Desktop/actions-runner/bin/Runner.Listener.dll
[2026-02-20 00:55:24Z INFO HostContext] Well known directory 'Bin': '/home/dad/Desktop/actions-runner/bin'
[2026-02-20 00:55:24Z INFO ConfigurationStore] binPath: /home/dad/Desktop/actions-runner/bin
[2026-02-20 00:55:24Z INFO HostContext] Well known directory 'Bin': '/home/dad/Desktop/actions-runner/bin'
[2026-02-20 00:55:24Z INFO HostContext] Well known directory 'Root': '/home/dad/Desktop/actions-runner'
[2026-02-20 00:55:24Z INFO ConfigurationStore] RootFolder: /home/dad/Desktop/actions-runner
[2026-02-20 00:55:24Z INFO HostContext] Well known directory 'Bin': '/home/dad/Desktop/actions-runner/bin'
[2026-02-20 00:55:24Z INFO HostContext] Well known directory 'Root': '/home/dad/Desktop/actions-runner'
[2026-02-20 00:55:24Z INFO HostContext] Well known config file 'Runner': '/home/dad/Desktop/actions-runner/.runner'
[2026-02-20 00:55:24Z INFO ConfigurationStore] ConfigFilePath: /home/dad/Desktop/actions-runner/.runner
[2026-02-20 00:55:24Z INFO HostContext] Well known directory 'Bin': '/home/dad/Desktop/actions-runner/bin'
[2026-02-20 00:55:24Z INFO HostContext] Well known directory 'Root': '/home/dad/Desktop/actions-runner'
[2026-02-20 00:55:24Z INFO HostContext] Well known config file 'MigratedRunner': '/home/dad/Desktop/actions-runner/.runner_migrated'
[2026-02-20 00:55:24Z INFO ConfigurationStore] MigratedConfigFilePath: /home/dad/Desktop/actions-runner/.runner_migrated
[2026-02-20 00:55:24Z INFO HostContext] Well known directory 'Bin': '/home/dad/Desktop/actions-runner/bin'
[2026-02-20 00:55:24Z INFO HostContext] Well known directory 'Root': '/home/dad/Desktop/actions-runner'
[2026-02-20 00:55:24Z INFO HostContext] Well known config file 'Credentials': '/home/dad/Desktop/actions-runner/.credentials'
[2026-02-20 00:55:24Z INFO ConfigurationStore] CredFilePath: /home/dad/Desktop/actions-runner/.credentials
[2026-02-20 00:55:24Z INFO HostContext] Well known directory 'Bin': '/home/dad/Desktop/actions-runner/bin'
[2026-02-20 00:55:24Z INFO HostContext] Well known directory 'Root': '/home/dad/Desktop/actions-runner'
[2026-02-20 00:55:24Z INFO HostContext] Well known config file 'MigratedCredentials': '/home/dad/Desktop/actions-runner/.credentials_migrated'
[2026-02-20 00:55:24Z INFO ConfigurationStore] MigratedCredFilePath: /home/dad/Desktop/actions-runner/.credentials_migrated
[2026-02-20 00:55:24Z INFO HostContext] Well known directory 'Bin': '/home/dad/Desktop/actions-runner/bin'
[2026-02-20 00:55:24Z INFO HostContext] Well known directory 'Root': '/home/dad/Desktop/actions-runner'
[2026-02-20 00:55:24Z INFO HostContext] Well known config file 'Service': '/home/dad/Desktop/actions-runner/.service'
[2026-02-20 00:55:24Z INFO ConfigurationStore] ServiceConfigFilePath: /home/dad/Desktop/actions-runner/.service
[2026-02-20 00:55:24Z INFO CommandSettings] Flag 'help': 'False'
[2026-02-20 00:55:24Z INFO CommandSettings] Flag 'version': 'False'
[2026-02-20 00:55:24Z INFO CommandSettings] Flag 'commit': 'False'
[2026-02-20 00:55:24Z INFO CommandSettings] Flag 'check': 'False'
[2026-02-20 00:55:24Z INFO CommandSettings] Command 'configure': 'True'
[2026-02-20 00:55:24Z INFO Terminal] WRITE LINE: 
[2026-02-20 00:55:24Z INFO Terminal] WRITE LINE: --------------------------------------------------------------------------------
[2026-02-20 00:55:24Z INFO Terminal] WRITE LINE: |        ____ _ _   _   _       _          _        _   _                      |
[2026-02-20 00:55:24Z INFO Terminal] WRITE LINE: |       / ___(_) |_| | | |_   _| |__      / \   ___| |_(_) ___  _ __  ___      |
[2026-02-20 00:55:24Z INFO Terminal] WRITE LINE: |      | |  _| | __| |_| | | | | '_ \    / _ \ / __| __| |/ _ \| '_ \/ __|     |
[2026-02-20 00:55:24Z INFO Terminal] WRITE LINE: |      | |_| | | |_|  _  | |_| | |_) |  / ___ \ (__| |_| | (_) | | | \__ \     |
[2026-02-20 00:55:24Z INFO Terminal] WRITE LINE: |       \____|_|\__|_| |_|\__,_|_.__/  /_/   \_\___|\__|_|\___/|_| |_|___/     |
[2026-02-20 00:55:24Z INFO Terminal] WRITE LINE: |                                                                              |
[2026-02-20 00:55:24Z INFO Terminal] WRITE: |                       
[2026-02-20 00:55:24Z INFO Terminal] WRITE: Self-hosted runner registration
[2026-02-20 00:55:24Z INFO Terminal] WRITE LINE:                         |
[2026-02-20 00:55:24Z INFO Terminal] WRITE LINE: |                                                                              |
[2026-02-20 00:55:24Z INFO Terminal] WRITE LINE: --------------------------------------------------------------------------------
[2026-02-20 00:55:24Z INFO ConfigurationManager] ConfigureAsync
[2026-02-20 00:55:24Z INFO CommandSettings] Flag 'generateServiceConfig': 'False'
[2026-02-20 00:55:24Z INFO ConfigurationStore] IsConfigured()
[2026-02-20 00:55:24Z INFO ConfigurationStore] IsConfigured: False
[2026-02-20 00:55:24Z INFO ConfigurationManager] Is configured: False
[2026-02-20 00:55:24Z INFO CommandSettings] Arg 'url': 'https://github.com/cu-ecen-aeld/assignment-1-distefs0869'
[2026-02-20 00:55:24Z INFO CommandSettings] Remove url from Arg dictionary.
[2026-02-20 00:55:24Z INFO CommandSettings] Arg 'token': '***'
[2026-02-20 00:55:24Z INFO CommandSettings] Remove token from Arg dictionary.
[2026-02-20 00:55:25Z INFO ConfigurationManager] Http response code: OK from 'POST https://api.github.com/actions/runner-registration' (EA44:292734:2FD90E:D2B10B:6997B161)
[2026-02-20 00:55:25Z INFO ConfigurationManager] Using runner-admin flow: False
[2026-02-20 00:55:25Z INFO ConfigurationManager] cred retrieved via GitHub auth
[2026-02-20 00:55:25Z INFO RunnerServer] EstablishVssConnection
[2026-02-20 00:55:25Z INFO RunnerServer] Establish connection with 100 seconds timeout.
[2026-02-20 00:55:25Z INFO GitHubActionsService] Starting operation Location.GetConnectionData
[2026-02-20 00:55:25Z INFO RunnerServer] EstablishVssConnection
[2026-02-20 00:55:25Z INFO RunnerServer] Establish connection with 60 seconds timeout.
[2026-02-20 00:55:25Z INFO GitHubActionsService] Starting operation Location.GetConnectionData
[2026-02-20 00:55:25Z INFO RunnerServer] EstablishVssConnection
[2026-02-20 00:55:25Z INFO RunnerServer] Establish connection with 60 seconds timeout.
[2026-02-20 00:55:25Z INFO GitHubActionsService] Starting operation Location.GetConnectionData
[2026-02-20 00:55:25Z INFO GitHubActionsService] Finished operation Location.GetConnectionData
[2026-02-20 00:55:25Z INFO GitHubActionsService] Finished operation Location.GetConnectionData
[2026-02-20 00:55:25Z INFO GitHubActionsService] Finished operation Location.GetConnectionData
[2026-02-20 00:55:25Z INFO Terminal] WRITE LINE: 
[2026-02-20 00:55:25Z INFO ConfigurationManager] Test Connection complete.
[2026-02-20 00:55:25Z INFO HostContext] Well known directory 'Bin': '/home/dad/Desktop/actions-runner/bin'
[2026-02-20 00:55:25Z INFO HostContext] Well known directory 'Root': '/home/dad/Desktop/actions-runner'
[2026-02-20 00:55:25Z INFO HostContext] Well known config file 'RSACredentials': '/home/dad/Desktop/actions-runner/.credentials_rsaparams'
[2026-02-20 00:55:25Z INFO RSAFileKeyManager] Creating new RSA key using 2048-bit key length
[2026-02-20 00:55:26Z INFO RSAFileKeyManager] Successfully saved RSA key parameters to file /home/dad/Desktop/actions-runner/.credentials_rsaparams
[2026-02-20 00:55:26Z INFO RSAFileKeyManager] Which2: 'chmod'
[2026-02-20 00:55:26Z INFO RSAFileKeyManager] Location: '/usr/bin/chmod'
[2026-02-20 00:55:26Z INFO HostContext] Well known directory 'Bin': '/home/dad/Desktop/actions-runner/bin'
[2026-02-20 00:55:26Z INFO HostContext] Well known directory 'Root': '/home/dad/Desktop/actions-runner'
[2026-02-20 00:55:26Z INFO ProcessInvokerWrapper] Starting process:
[2026-02-20 00:55:26Z INFO ProcessInvokerWrapper]   File name: '/usr/bin/chmod'
[2026-02-20 00:55:26Z INFO ProcessInvokerWrapper]   Arguments: '600 /home/dad/Desktop/actions-runner/.credentials_rsaparams'
[2026-02-20 00:55:26Z INFO ProcessInvokerWrapper]   Working directory: '/home/dad/Desktop/actions-runner'
[2026-02-20 00:55:26Z INFO ProcessInvokerWrapper]   Require exit code zero: 'False'
[2026-02-20 00:55:26Z INFO ProcessInvokerWrapper]   Encoding web name:  ; code page: ''
[2026-02-20 00:55:26Z INFO ProcessInvokerWrapper]   Force kill process on cancellation: 'False'
[2026-02-20 00:55:26Z INFO ProcessInvokerWrapper]   Redirected STDIN: 'False'
[2026-02-20 00:55:26Z INFO ProcessInvokerWrapper]   Persist current code page: 'False'
[2026-02-20 00:55:26Z INFO ProcessInvokerWrapper]   Keep redirected STDIN open: 'False'
[2026-02-20 00:55:26Z INFO ProcessInvokerWrapper]   High priority process: 'False'
[2026-02-20 00:55:26Z INFO ProcessInvokerWrapper] Process started with process id 7572, waiting for process exit.
[2026-02-20 00:55:26Z INFO ProcessInvokerWrapper] STDOUT/STDERR stream read finished.
[2026-02-20 00:55:26Z INFO ProcessInvokerWrapper] STDOUT/STDERR stream read finished.
[2026-02-20 00:55:26Z INFO ProcessInvokerWrapper] Finished process 7572 with exit code 0, and elapsed time 00:00:00.0068918.
[2026-02-20 00:55:26Z INFO RSAFileKeyManager] Successfully set permissions for RSA key parameters file /home/dad/Desktop/actions-runner/.credentials_rsaparams
[2026-02-20 00:55:26Z INFO CommandSettings] Arg 'runnergroup': ''
[2026-02-20 00:55:26Z INFO CommandSettings] Flag 'unattended': 'False'
[2026-02-20 00:55:26Z INFO PromptManager] ReadValue
[2026-02-20 00:55:26Z INFO Terminal] WRITE: Enter the name of the runner group to add this runner to: 
[2026-02-20 00:55:26Z INFO Terminal] WRITE: [press Enter for Default] 
[2026-02-20 00:55:26Z INFO Terminal] READ LINE
[2026-02-20 00:56:01Z INFO Terminal] Read value: ''
[2026-02-20 00:56:01Z INFO PromptManager] Falling back to the default: 'Default'
[2026-02-20 00:56:01Z INFO Terminal] WRITE LINE: 
[2026-02-20 00:56:01Z INFO ConfigurationManager] Found a self-hosted runner group with id 1 and name Default
[2026-02-20 00:56:01Z INFO CommandSettings] Flag 'disableupdate': 'False'
[2026-02-20 00:56:01Z INFO CommandSettings] Flag 'ephemeral': 'False'
[2026-02-20 00:56:01Z INFO CommandSettings] Arg 'name': ''
[2026-02-20 00:56:01Z INFO CommandSettings] Flag 'unattended': 'False'
[2026-02-20 00:56:01Z INFO PromptManager] ReadValue
[2026-02-20 00:56:01Z INFO Terminal] WRITE: Enter the name of runner: 
[2026-02-20 00:56:01Z INFO Terminal] WRITE: [press Enter for Ubuntu-22] 
[2026-02-20 00:56:01Z INFO Terminal] READ LINE
[2026-02-20 00:56:05Z INFO Terminal] Read value: ''
[2026-02-20 00:56:05Z INFO PromptManager] Falling back to the default: 'Ubuntu-22'
[2026-02-20 00:56:05Z INFO Terminal] WRITE LINE: 
[2026-02-20 00:56:05Z INFO CommandSettings] Arg 'labels': ''
[2026-02-20 00:56:05Z INFO CommandSettings] Flag 'unattended': 'False'
[2026-02-20 00:56:05Z INFO PromptManager] ReadValue
[2026-02-20 00:56:05Z INFO Terminal] WRITE: This runner will have the following labels: 'self-hosted', 'Linux', 'X64' 
Enter any additional labels (ex. label-1,label-2): 
[2026-02-20 00:56:05Z INFO Terminal] WRITE: [press Enter to skip] 
[2026-02-20 00:56:05Z INFO Terminal] READ LINE
[2026-02-20 00:56:12Z INFO Terminal] Read value: ''
[2026-02-20 00:56:12Z INFO Terminal] WRITE LINE: 
[2026-02-20 00:56:12Z INFO CommandSettings] Flag 'disableupdate': 'False'
[2026-02-20 00:56:12Z INFO CommandSettings] Flag 'no-default-labels': 'False'
[2026-02-20 00:56:12Z INFO CommandSettings] Flag 'disableupdate': 'False'
[2026-02-20 00:56:12Z INFO CommandSettings] Flag 'ephemeral': 'False'
[2026-02-20 00:56:12Z INFO ConfigurationStore] Saving OAuth credential @ /home/dad/Desktop/actions-runner/.credentials
[2026-02-20 00:56:12Z INFO ConfigurationStore] Credentials Saved.
[2026-02-20 00:56:12Z INFO ConfigurationManager] Service enforced serverUrlV2: https://broker.actions.githubusercontent.com/
[2026-02-20 00:56:12Z INFO ConfigurationManager] Service enforced useV2Flow: True
[2026-02-20 00:56:12Z INFO CommandSettings] Arg 'work': ''
[2026-02-20 00:56:12Z INFO CommandSettings] Flag 'unattended': 'False'
[2026-02-20 00:56:12Z INFO PromptManager] ReadValue
[2026-02-20 00:56:12Z INFO Terminal] WRITE: Enter name of work folder: 
[2026-02-20 00:56:12Z INFO Terminal] WRITE: [press Enter for _work] 
[2026-02-20 00:56:12Z INFO Terminal] READ LINE
[2026-02-20 00:56:15Z INFO Terminal] Read value: ''
[2026-02-20 00:56:15Z INFO PromptManager] Falling back to the default: '_work'
[2026-02-20 00:56:15Z INFO ConfigurationStore] Saving runner settings.
[2026-02-20 00:56:15Z INFO ConfigurationStore] Settings Saved.
[2026-02-20 00:56:15Z INFO Terminal] WRITE LINE: 
[2026-02-20 00:56:15Z INFO Terminal] WRITE LINE: 
[2026-02-20 00:56:15Z INFO SystemDControlManager] Service name 'actions.runner.cu-ecen-aeld-assignment-1-distefs0869.Ubuntu-22.service' display name 'GitHub Actions Runner (cu-ecen-aeld-assignment-1-distefs0869.Ubuntu-22)' will be used for service configuration.
[2026-02-20 00:56:15Z INFO HostContext] Well known directory 'Bin': '/home/dad/Desktop/actions-runner/bin'
[2026-02-20 00:56:15Z INFO HostContext] Well known directory 'Root': '/home/dad/Desktop/actions-runner'
[2026-02-20 00:56:15Z INFO HostContext] Well known directory 'Bin': '/home/dad/Desktop/actions-runner/bin'
[2026-02-20 00:56:15Z INFO HostContext] Well known directory 'Bin': '/home/dad/Desktop/actions-runner/bin'
[2026-02-20 00:56:15Z INFO HostContext] Well known directory 'Root': '/home/dad/Desktop/actions-runner'
[2026-02-20 00:56:15Z INFO UnixUtil] Which2: 'chmod'
[2026-02-20 00:56:15Z INFO UnixUtil] Location: '/usr/bin/chmod'
[2026-02-20 00:56:15Z INFO UnixUtil] Running /usr/bin/chmod 755 "/home/dad/Desktop/actions-runner/svc.sh"
[2026-02-20 00:56:15Z INFO ProcessInvokerWrapper] Starting process:
[2026-02-20 00:56:15Z INFO ProcessInvokerWrapper]   File name: '/usr/bin/chmod'
[2026-02-20 00:56:15Z INFO ProcessInvokerWrapper]   Arguments: '755 "/home/dad/Desktop/actions-runner/svc.sh"'
[2026-02-20 00:56:15Z INFO ProcessInvokerWrapper]   Working directory: '/home/dad/Desktop/actions-runner'
[2026-02-20 00:56:15Z INFO ProcessInvokerWrapper]   Require exit code zero: 'True'
[2026-02-20 00:56:15Z INFO ProcessInvokerWrapper]   Encoding web name:  ; code page: ''
[2026-02-20 00:56:15Z INFO ProcessInvokerWrapper]   Force kill process on cancellation: 'False'
[2026-02-20 00:56:15Z INFO ProcessInvokerWrapper]   Redirected STDIN: 'False'
[2026-02-20 00:56:15Z INFO ProcessInvokerWrapper]   Persist current code page: 'False'
[2026-02-20 00:56:15Z INFO ProcessInvokerWrapper]   Keep redirected STDIN open: 'False'
[2026-02-20 00:56:15Z INFO ProcessInvokerWrapper]   High priority process: 'False'
[2026-02-20 00:56:15Z INFO ProcessInvokerWrapper] Updated oom_score_adj to 500 for PID: 7590.
[2026-02-20 00:56:15Z INFO ProcessInvokerWrapper] Process started with process id 7590, waiting for process exit.
[2026-02-20 00:56:15Z INFO ProcessInvokerWrapper] STDOUT/STDERR stream read finished.
[2026-02-20 00:56:15Z INFO ProcessInvokerWrapper] STDOUT/STDERR stream read finished.
[2026-02-20 00:56:15Z INFO ProcessInvokerWrapper] Finished process 7590 with exit code 0, and elapsed time 00:00:00.0040810.
[2026-02-20 00:56:15Z INFO Listener] Runner execution has finished with return code 0
