[2026-02-20 02:39:02Z INFO HostContext] No proxy settings were found based on environmental variables (http_proxy/https_proxy/HTTP_PROXY/HTTPS_PROXY)
[2026-02-20 02:39:02Z INFO HostContext] Well known directory 'Bin': '/home/dad/Desktop/actions-runner/bin'
[2026-02-20 02:39:02Z INFO HostContext] Well known directory 'Root': '/home/dad/Desktop/actions-runner'
[2026-02-20 02:39:02Z INFO HostContext] Well known config file 'Credentials': '/home/dad/Desktop/actions-runner/.credentials'
[2026-02-20 02:39:02Z INFO HostContext] Well known directory 'Bin': '/home/dad/Desktop/actions-runner/bin'
[2026-02-20 02:39:02Z INFO HostContext] Well known directory 'Root': '/home/dad/Desktop/actions-runner'
[2026-02-20 02:39:02Z INFO HostContext] Well known config file 'Runner': '/home/dad/Desktop/actions-runner/.runner'
[2026-02-20 02:39:02Z INFO Listener] Runner is built for Linux (X64) - linux-x64.
[2026-02-20 02:39:02Z INFO Listener] RuntimeInformation: Ubuntu 22.04.5 LTS.
[2026-02-20 02:39:02Z INFO Listener] Version: 2.331.0
[2026-02-20 02:39:02Z INFO Listener] Commit: 39f6c643d3032f8795fa71f1482731ca90c8e038
[2026-02-20 02:39:02Z INFO Listener] Culture: en-US
[2026-02-20 02:39:02Z INFO Listener] UI Culture: en-US
[2026-02-20 02:39:02Z INFO HostContext] Well known directory 'Bin': '/home/dad/Desktop/actions-runner/bin'
[2026-02-20 02:39:02Z INFO HostContext] Well known directory 'Root': '/home/dad/Desktop/actions-runner'
[2026-02-20 02:39:02Z INFO Listener] Validating directory permissions for: '/home/dad/Desktop/actions-runner'
[2026-02-20 02:39:02Z INFO CommandLineParser] Parse
[2026-02-20 02:39:02Z INFO CommandLineParser] Parsing 1 args
[2026-02-20 02:39:02Z INFO CommandLineParser] parsing argument
[2026-02-20 02:39:02Z INFO CommandLineParser] HasArgs: False
[2026-02-20 02:39:02Z INFO CommandLineParser] Adding Command: run
[2026-02-20 02:39:02Z INFO Listener] Arguments parsed
[2026-02-20 02:39:02Z INFO Runner] ExecuteCommand
[2026-02-20 02:39:02Z INFO ConfigurationStore] currentAssemblyLocation: /home/dad/Desktop/actions-runner/bin/Runner.Listener.dll
[2026-02-20 02:39:02Z INFO HostContext] Well known directory 'Bin': '/home/dad/Desktop/actions-runner/bin'
[2026-02-20 02:39:02Z INFO ConfigurationStore] binPath: /home/dad/Desktop/actions-runner/bin
[2026-02-20 02:39:02Z INFO HostContext] Well known directory 'Bin': '/home/dad/Desktop/actions-runner/bin'
[2026-02-20 02:39:02Z INFO HostContext] Well known directory 'Root': '/home/dad/Desktop/actions-runner'
[2026-02-20 02:39:02Z INFO ConfigurationStore] RootFolder: /home/dad/Desktop/actions-runner
[2026-02-20 02:39:02Z INFO HostContext] Well known directory 'Bin': '/home/dad/Desktop/actions-runner/bin'
[2026-02-20 02:39:02Z INFO HostContext] Well known directory 'Root': '/home/dad/Desktop/actions-runner'
[2026-02-20 02:39:02Z INFO HostContext] Well known config file 'Runner': '/home/dad/Desktop/actions-runner/.runner'
[2026-02-20 02:39:02Z INFO ConfigurationStore] ConfigFilePath: /home/dad/Desktop/actions-runner/.runner
[2026-02-20 02:39:02Z INFO HostContext] Well known directory 'Bin': '/home/dad/Desktop/actions-runner/bin'
[2026-02-20 02:39:02Z INFO HostContext] Well known directory 'Root': '/home/dad/Desktop/actions-runner'
[2026-02-20 02:39:02Z INFO HostContext] Well known config file 'MigratedRunner': '/home/dad/Desktop/actions-runner/.runner_migrated'
[2026-02-20 02:39:02Z INFO ConfigurationStore] MigratedConfigFilePath: /home/dad/Desktop/actions-runner/.runner_migrated
[2026-02-20 02:39:02Z INFO HostContext] Well known directory 'Bin': '/home/dad/Desktop/actions-runner/bin'
[2026-02-20 02:39:02Z INFO HostContext] Well known directory 'Root': '/home/dad/Desktop/actions-runner'
[2026-02-20 02:39:02Z INFO HostContext] Well known config file 'Credentials': '/home/dad/Desktop/actions-runner/.credentials'
[2026-02-20 02:39:02Z INFO ConfigurationStore] CredFilePath: /home/dad/Desktop/actions-runner/.credentials
[2026-02-20 02:39:02Z INFO HostContext] Well known directory 'Bin': '/home/dad/Desktop/actions-runner/bin'
[2026-02-20 02:39:02Z INFO HostContext] Well known directory 'Root': '/home/dad/Desktop/actions-runner'
[2026-02-20 02:39:02Z INFO HostContext] Well known config file 'MigratedCredentials': '/home/dad/Desktop/actions-runner/.credentials_migrated'
[2026-02-20 02:39:02Z INFO ConfigurationStore] MigratedCredFilePath: /home/dad/Desktop/actions-runner/.credentials_migrated
[2026-02-20 02:39:02Z INFO HostContext] Well known directory 'Bin': '/home/dad/Desktop/actions-runner/bin'
[2026-02-20 02:39:02Z INFO HostContext] Well known directory 'Root': '/home/dad/Desktop/actions-runner'
[2026-02-20 02:39:02Z INFO HostContext] Well known config file 'Service': '/home/dad/Desktop/actions-runner/.service'
[2026-02-20 02:39:02Z INFO ConfigurationStore] ServiceConfigFilePath: /home/dad/Desktop/actions-runner/.service
[2026-02-20 02:39:02Z INFO CommandSettings] Flag 'help': 'False'
[2026-02-20 02:39:02Z INFO CommandSettings] Flag 'version': 'False'
[2026-02-20 02:39:02Z INFO CommandSettings] Flag 'commit': 'False'
[2026-02-20 02:39:02Z INFO CommandSettings] Flag 'check': 'False'
[2026-02-20 02:39:02Z INFO CommandSettings] Command 'configure': 'False'
[2026-02-20 02:39:02Z INFO CommandSettings] Command 'remove': 'False'
[2026-02-20 02:39:02Z INFO CommandSettings] Command 'warmup': 'False'
[2026-02-20 02:39:02Z INFO ConfigurationManager] LoadSettings
[2026-02-20 02:39:02Z INFO ConfigurationStore] IsConfigured()
[2026-02-20 02:39:02Z INFO ConfigurationStore] IsConfigured: True
[2026-02-20 02:39:02Z INFO ConfigurationManager] Is configured: True
[2026-02-20 02:39:02Z INFO ConfigurationStore] Read setting file: 400 chars
[2026-02-20 02:39:02Z INFO ConfigurationManager] Settings Loaded
[2026-02-20 02:39:02Z INFO ConfigurationStore] IsServiceConfigured()
[2026-02-20 02:39:02Z INFO ConfigurationStore] IsServiceConfigured: False
[2026-02-20 02:39:02Z INFO CommandSettings] Command 'run': 'True'
[2026-02-20 02:39:02Z INFO ConfigurationStore] IsConfigured()
[2026-02-20 02:39:02Z INFO ConfigurationStore] IsConfigured: True
[2026-02-20 02:39:02Z INFO ConfigurationManager] Is configured: True
[2026-02-20 02:39:02Z INFO Runner] Could not parse the argument value '' for StartupType. Defaulting to Manual
[2026-02-20 02:39:02Z INFO Runner] Set runner startup type - Manual
[2026-02-20 02:39:02Z INFO CommandSettings] Flag 'once': 'False'
[2026-02-20 02:39:02Z INFO CommandSettings] Flag 'once': 'False'
[2026-02-20 02:39:02Z INFO Runner] RunAsync
[2026-02-20 02:39:02Z INFO ConfigurationManager] LoadMigratedSettings
[2026-02-20 02:39:02Z INFO ConfigurationStore] IsMigratedConfigured()
[2026-02-20 02:39:02Z INFO ConfigurationStore] IsMigratedConfigured: False
[2026-02-20 02:39:02Z INFO Runner] Failed to load migrated settings: No migrated configuration found.
[2026-02-20 02:39:02Z INFO Runner] Falling back to original .runner settings
[2026-02-20 02:39:02Z INFO Runner] Using BrokerMessageListener
[2026-02-20 02:39:02Z INFO BrokerMessageListener] Using provided settings
[2026-02-20 02:39:02Z INFO BrokerMessageListener] {
  "AgentId": 3,
  "AgentName": "Ubuntu-22",
  "PoolId": 1,
  "PoolName": "Default",
  "ServerUrl": "https://pipelinesghubeus26.actions.githubusercontent.com/gUbJooLfFnWF2fPfTFPhT5NWXI2Wb4u9q2uXV1ZLjkR8kr7t1Q/",
  "GitHubUrl": "https://github.com/cu-ecen-aeld/assignment-1-distefs0869",
  "WorkFolder": "_work",
  "UseV2Flow": true,
  "ServerUrlV2": "https://broker.actions.githubusercontent.com/"
}
[2026-02-20 02:39:02Z INFO BrokerMessageListener] Loading Credentials
[2026-02-20 02:39:02Z INFO ConfigurationStore] HasCredentials()
[2026-02-20 02:39:02Z INFO ConfigurationStore] stored True
[2026-02-20 02:39:02Z INFO CredentialManager] GetCredentialProvider
[2026-02-20 02:39:02Z INFO CredentialManager] Creating type OAuth
[2026-02-20 02:39:02Z INFO CredentialManager] Creating credential type: OAuth
[2026-02-20 02:39:02Z INFO HostContext] Well known directory 'Bin': '/home/dad/Desktop/actions-runner/bin'
[2026-02-20 02:39:02Z INFO HostContext] Well known directory 'Root': '/home/dad/Desktop/actions-runner'
[2026-02-20 02:39:02Z INFO HostContext] Well known config file 'RSACredentials': '/home/dad/Desktop/actions-runner/.credentials_rsaparams'
[2026-02-20 02:39:02Z INFO RSAFileKeyManager] Loading RSA key parameters from file /home/dad/Desktop/actions-runner/.credentials_rsaparams
[2026-02-20 02:39:02Z INFO BrokerMessageListener] Attempt to create session.
[2026-02-20 02:39:02Z INFO BrokerMessageListener] Connecting to the Broker Server...
[2026-02-20 02:39:02Z INFO ConfigurationStore] HasCredentials()
[2026-02-20 02:39:02Z INFO ConfigurationStore] stored True
[2026-02-20 02:39:02Z INFO CredentialManager] GetCredentialProvider
[2026-02-20 02:39:02Z INFO CredentialManager] Creating type OAuth
[2026-02-20 02:39:02Z INFO CredentialManager] Creating credential type: OAuth
[2026-02-20 02:39:02Z INFO RSAFileKeyManager] Loading RSA key parameters from file /home/dad/Desktop/actions-runner/.credentials_rsaparams
[2026-02-20 02:39:02Z INFO BrokerMessageListener] VssConnection created
[2026-02-20 02:39:02Z INFO BrokerMessageListener] Connecting to the Runner server...
[2026-02-20 02:39:02Z INFO RunnerServer] EstablishVssConnection
[2026-02-20 02:39:02Z INFO RunnerServer] Establish connection with 100 seconds timeout.
[2026-02-20 02:39:02Z INFO GitHubActionsService] Starting operation Location.GetConnectionData
[2026-02-20 02:39:02Z INFO RunnerServer] EstablishVssConnection
[2026-02-20 02:39:02Z INFO RunnerServer] Establish connection with 60 seconds timeout.
[2026-02-20 02:39:02Z INFO GitHubActionsService] Starting operation Location.GetConnectionData
[2026-02-20 02:39:02Z INFO RunnerServer] EstablishVssConnection
[2026-02-20 02:39:02Z INFO RunnerServer] Establish connection with 60 seconds timeout.
[2026-02-20 02:39:02Z INFO GitHubActionsService] Starting operation Location.GetConnectionData
[2026-02-20 02:39:02Z INFO GitHubActionsService] Finished operation Location.GetConnectionData
[2026-02-20 02:39:02Z INFO GitHubActionsService] Finished operation Location.GetConnectionData
[2026-02-20 02:39:02Z INFO GitHubActionsService] Finished operation Location.GetConnectionData
[2026-02-20 02:39:02Z INFO BrokerMessageListener] VssConnection created
[2026-02-20 02:39:02Z INFO Terminal] WRITE LINE: 
[2026-02-20 02:39:02Z INFO Terminal] WRITE LINE: 
[2026-02-20 02:39:02Z INFO RSAFileKeyManager] Loading RSA key parameters from file /home/dad/Desktop/actions-runner/.credentials_rsaparams
[2026-02-20 02:39:02Z INFO RSAFileKeyManager] Loading RSA key parameters from file /home/dad/Desktop/actions-runner/.credentials_rsaparams
[2026-02-20 02:39:03Z INFO GitHubActionsService] AAD Correlation ID for this token request: Unknown
[2026-02-20 02:39:03Z INFO BrokerMessageListener] Session created.
[2026-02-20 02:39:03Z INFO Terminal] WRITE LINE: Current runner version: '2.331.0'
[2026-02-20 02:39:03Z INFO Terminal] WRITE LINE: 2026-02-20 02:39:03Z: Listening for Jobs
[2026-02-20 02:39:03Z INFO JobDispatcher] Set runner/worker IPC timeout to 30 seconds.
[2026-02-20 03:29:11Z INFO RSAFileKeyManager] Loading RSA key parameters from file /home/dad/Desktop/actions-runner/.credentials_rsaparams
[2026-02-20 03:29:11Z INFO GitHubActionsService] AAD Correlation ID for this token request: Unknown
[2026-02-20 13:58:46Z WARN GitHubActionsService] GET request to https://broker.actions.githubusercontent.com/message?sessionId=826a9ad0-9942-4eec-8ab0-a3e5cad7baae&status=Online&runnerVersion=2.331.0&os=Linux&architecture=X64&disableUpdate=false timed out after 100 seconds.
[2026-02-20 13:58:46Z ERR  BrokerServer] Catch exception during request
[2026-02-20 13:58:46Z ERR  BrokerServer] System.TimeoutException: The HTTP request timed out after 00:01:40.
 ---> System.Threading.Tasks.TaskCanceledException: The operation was canceled.
 ---> System.IO.IOException: Unable to read data from the transport connection: Operation canceled.
 ---> System.Net.Sockets.SocketException (125): Operation canceled
   --- End of inner exception stack trace ---
   at System.Net.Sockets.Socket.AwaitableSocketAsyncEventArgs.ThrowException(SocketError error, CancellationToken cancellationToken)
   at System.Net.Sockets.Socket.AwaitableSocketAsyncEventArgs.System.Threading.Tasks.Sources.IValueTaskSource<System.Int32>.GetResult(Int16 token)
   at System.Net.Security.SslStream.EnsureFullTlsFrameAsync[TIOAdapter](CancellationToken cancellationToken, Int32 estimatedSize)
   at System.Runtime.CompilerServices.PoolingAsyncValueTaskMethodBuilder`1.StateMachineBox`1.System.Threading.Tasks.Sources.IValueTaskSource<TResult>.GetResult(Int16 token)
   at System.Net.Security.SslStream.ReadAsyncInternal[TIOAdapter](Memory`1 buffer, CancellationToken cancellationToken)
   at System.Runtime.CompilerServices.PoolingAsyncValueTaskMethodBuilder`1.StateMachineBox`1.System.Threading.Tasks.Sources.IValueTaskSource<TResult>.GetResult(Int16 token)
   at System.Net.Http.HttpConnection.SendAsync(HttpRequestMessage request, Boolean async, CancellationToken cancellationToken)
   --- End of inner exception stack trace ---
   at System.Net.Http.HttpConnection.SendAsync(HttpRequestMessage request, Boolean async, CancellationToken cancellationToken)
   at System.Net.Http.AuthenticationHelper.SendWithNtAuthAsync(HttpRequestMessage request, Uri authUri, Boolean async, ICredentials credentials, Boolean isProxyAuth, HttpConnection connection, HttpConnectionPool connectionPool, CancellationToken cancellationToken)
   at System.Net.Http.HttpConnectionPool.SendWithVersionDetectionAndRetryAsync(HttpRequestMessage request, Boolean async, Boolean doRequestAuth, CancellationToken cancellationToken)
   at System.Net.Http.AuthenticationHelper.SendWithAuthAsync(HttpRequestMessage request, Uri authUri, Boolean async, ICredentials credentials, Boolean preAuthenticate, Boolean isProxyAuth, Boolean doRequestAuth, HttpConnectionPool pool, CancellationToken cancellationToken)
   at System.Net.Http.RedirectHandler.SendAsync(HttpRequestMessage request, Boolean async, CancellationToken cancellationToken)
   at GitHub.Services.Common.RawHttpMessageHandler.SendAsync(HttpRequestMessage request, CancellationToken cancellationToken)
   --- End of inner exception stack trace ---
   at GitHub.Services.Common.RawHttpMessageHandler.SendAsync(HttpRequestMessage request, CancellationToken cancellationToken)
   at GitHub.Services.Common.VssHttpRetryMessageHandler.SendAsync(HttpRequestMessage request, CancellationToken cancellationToken)
   at System.Net.Http.HttpClient.<SendAsync>g__Core|83_0(HttpRequestMessage request, HttpCompletionOption completionOption, CancellationTokenSource cts, Boolean disposeCts, CancellationTokenSource pendingRequestsCts, CancellationToken originalCancellationToken)
   at Sdk.WebApi.WebApi.RawHttpClientBase.SendAsync(HttpRequestMessage message, HttpCompletionOption completionOption, Object userState, CancellationToken cancellationToken)
   at Sdk.WebApi.WebApi.RawHttpClientBase.SendAsync[T](HttpRequestMessage message, Boolean readErrorBody, Object userState, CancellationToken cancellationToken)
   at Sdk.WebApi.WebApi.RawHttpClientBase.SendAsync[T](HttpMethod method, IEnumerable`1 additionalHeaders, Uri requestUri, HttpContent content, IEnumerable`1 queryParameters, Boolean readErrorBody, Object userState, CancellationToken cancellationToken)
   at GitHub.Actions.RunService.WebApi.BrokerHttpClient.GetRunnerMessageAsync(Nullable`1 sessionId, String runnerVersion, Nullable`1 status, String os, String architecture, Nullable`1 disableUpdate, CancellationToken cancellationToken)
   at GitHub.Runner.Common.BrokerServer.<>c__DisplayClass7_0.<<GetRunnerMessageAsync>b__0>d.MoveNext()
--- End of stack trace from previous location ---
   at GitHub.Runner.Common.RunnerService.RetryRequest[T](Func`1 func, CancellationToken cancellationToken, Int32 maxAttempts, Func`2 shouldRetry)
[2026-02-20 13:58:46Z ERR  BrokerServer] #####################################################
[2026-02-20 13:58:46Z ERR  BrokerServer] System.Threading.Tasks.TaskCanceledException: The operation was canceled.
 ---> System.IO.IOException: Unable to read data from the transport connection: Operation canceled.
 ---> System.Net.Sockets.SocketException (125): Operation canceled
   --- End of inner exception stack trace ---
   at System.Net.Sockets.Socket.AwaitableSocketAsyncEventArgs.ThrowException(SocketError error, CancellationToken cancellationToken)
   at System.Net.Sockets.Socket.AwaitableSocketAsyncEventArgs.System.Threading.Tasks.Sources.IValueTaskSource<System.Int32>.GetResult(Int16 token)
   at System.Net.Security.SslStream.EnsureFullTlsFrameAsync[TIOAdapter](CancellationToken cancellationToken, Int32 estimatedSize)
   at System.Runtime.CompilerServices.PoolingAsyncValueTaskMethodBuilder`1.StateMachineBox`1.System.Threading.Tasks.Sources.IValueTaskSource<TResult>.GetResult(Int16 token)
   at System.Net.Security.SslStream.ReadAsyncInternal[TIOAdapter](Memory`1 buffer, CancellationToken cancellationToken)
   at System.Runtime.CompilerServices.PoolingAsyncValueTaskMethodBuilder`1.StateMachineBox`1.System.Threading.Tasks.Sources.IValueTaskSource<TResult>.GetResult(Int16 token)
   at System.Net.Http.HttpConnection.SendAsync(HttpRequestMessage request, Boolean async, CancellationToken cancellationToken)
   --- End of inner exception stack trace ---
   at System.Net.Http.HttpConnection.SendAsync(HttpRequestMessage request, Boolean async, CancellationToken cancellationToken)
   at System.Net.Http.AuthenticationHelper.SendWithNtAuthAsync(HttpRequestMessage request, Uri authUri, Boolean async, ICredentials credentials, Boolean isProxyAuth, HttpConnection connection, HttpConnectionPool connectionPool, CancellationToken cancellationToken)
   at System.Net.Http.HttpConnectionPool.SendWithVersionDetectionAndRetryAsync(HttpRequestMessage request, Boolean async, Boolean doRequestAuth, CancellationToken cancellationToken)
   at System.Net.Http.AuthenticationHelper.SendWithAuthAsync(HttpRequestMessage request, Uri authUri, Boolean async, ICredentials credentials, Boolean preAuthenticate, Boolean isProxyAuth, Boolean doRequestAuth, HttpConnectionPool pool, CancellationToken cancellationToken)
   at System.Net.Http.RedirectHandler.SendAsync(HttpRequestMessage request, Boolean async, CancellationToken cancellationToken)
   at GitHub.Services.Common.RawHttpMessageHandler.SendAsync(HttpRequestMessage request, CancellationToken cancellationToken)
[2026-02-20 13:58:46Z ERR  BrokerServer] #####################################################
[2026-02-20 13:58:46Z ERR  BrokerServer] System.IO.IOException: Unable to read data from the transport connection: Operation canceled.
 ---> System.Net.Sockets.SocketException (125): Operation canceled
   --- End of inner exception stack trace ---
   at System.Net.Sockets.Socket.AwaitableSocketAsyncEventArgs.ThrowException(SocketError error, CancellationToken cancellationToken)
   at System.Net.Sockets.Socket.AwaitableSocketAsyncEventArgs.System.Threading.Tasks.Sources.IValueTaskSource<System.Int32>.GetResult(Int16 token)
   at System.Net.Security.SslStream.EnsureFullTlsFrameAsync[TIOAdapter](CancellationToken cancellationToken, Int32 estimatedSize)
   at System.Runtime.CompilerServices.PoolingAsyncValueTaskMethodBuilder`1.StateMachineBox`1.System.Threading.Tasks.Sources.IValueTaskSource<TResult>.GetResult(Int16 token)
   at System.Net.Security.SslStream.ReadAsyncInternal[TIOAdapter](Memory`1 buffer, CancellationToken cancellationToken)
   at System.Runtime.CompilerServices.PoolingAsyncValueTaskMethodBuilder`1.StateMachineBox`1.System.Threading.Tasks.Sources.IValueTaskSource<TResult>.GetResult(Int16 token)
   at System.Net.Http.HttpConnection.SendAsync(HttpRequestMessage request, Boolean async, CancellationToken cancellationToken)
[2026-02-20 13:58:46Z ERR  BrokerServer] #####################################################
[2026-02-20 13:58:46Z ERR  BrokerServer] System.Net.Sockets.SocketException (125): Operation canceled
[2026-02-20 13:58:46Z WARN BrokerServer] Back off 5.656 seconds before next retry. 4 attempt left.
[2026-02-20 13:58:52Z INFO RSAFileKeyManager] Loading RSA key parameters from file /home/dad/Desktop/actions-runner/.credentials_rsaparams
[2026-02-20 13:58:52Z INFO GitHubActionsService] AAD Correlation ID for this token request: Unknown
[2026-02-20 14:49:02Z INFO RSAFileKeyManager] Loading RSA key parameters from file /home/dad/Desktop/actions-runner/.credentials_rsaparams
[2026-02-20 14:49:02Z INFO GitHubActionsService] AAD Correlation ID for this token request: Unknown
[2026-02-20 15:39:13Z INFO RSAFileKeyManager] Loading RSA key parameters from file /home/dad/Desktop/actions-runner/.credentials_rsaparams
[2026-02-20 15:39:13Z INFO GitHubActionsService] AAD Correlation ID for this token request: Unknown
[2026-02-20 16:29:23Z INFO RSAFileKeyManager] Loading RSA key parameters from file /home/dad/Desktop/actions-runner/.credentials_rsaparams
[2026-02-20 16:29:24Z INFO GitHubActionsService] AAD Correlation ID for this token request: Unknown
[2026-02-20 17:19:32Z INFO RSAFileKeyManager] Loading RSA key parameters from file /home/dad/Desktop/actions-runner/.credentials_rsaparams
[2026-02-20 17:19:32Z INFO GitHubActionsService] AAD Correlation ID for this token request: Unknown
[2026-02-20 18:09:42Z INFO RSAFileKeyManager] Loading RSA key parameters from file /home/dad/Desktop/actions-runner/.credentials_rsaparams
[2026-02-20 18:09:42Z INFO GitHubActionsService] AAD Correlation ID for this token request: Unknown
[2026-02-20 18:59:52Z INFO RSAFileKeyManager] Loading RSA key parameters from file /home/dad/Desktop/actions-runner/.credentials_rsaparams
[2026-02-20 18:59:53Z INFO GitHubActionsService] AAD Correlation ID for this token request: Unknown
