[2026-02-20 01:15:27Z INFO HostContext] No proxy settings were found based on environmental variables (http_proxy/https_proxy/HTTP_PROXY/HTTPS_PROXY)
[2026-02-20 01:15:27Z INFO HostContext] Well known directory 'Bin': '/home/dad/Desktop/actions-runner/bin'
[2026-02-20 01:15:27Z INFO HostContext] Well known directory 'Root': '/home/dad/Desktop/actions-runner'
[2026-02-20 01:15:27Z INFO HostContext] Well known config file 'Credentials': '/home/dad/Desktop/actions-runner/.credentials'
[2026-02-20 01:15:27Z INFO HostContext] Well known directory 'Bin': '/home/dad/Desktop/actions-runner/bin'
[2026-02-20 01:15:27Z INFO HostContext] Well known directory 'Root': '/home/dad/Desktop/actions-runner'
[2026-02-20 01:15:27Z INFO HostContext] Well known config file 'Runner': '/home/dad/Desktop/actions-runner/.runner'
[2026-02-20 01:15:27Z INFO Listener] Runner is built for Linux (X64) - linux-x64.
[2026-02-20 01:15:27Z INFO Listener] RuntimeInformation: Ubuntu 22.04.5 LTS.
[2026-02-20 01:15:27Z INFO Listener] Version: 2.331.0
[2026-02-20 01:15:27Z INFO Listener] Commit: 39f6c643d3032f8795fa71f1482731ca90c8e038
[2026-02-20 01:15:27Z INFO Listener] Culture: en-US
[2026-02-20 01:15:27Z INFO Listener] UI Culture: en-US
[2026-02-20 01:15:27Z INFO HostContext] Well known directory 'Bin': '/home/dad/Desktop/actions-runner/bin'
[2026-02-20 01:15:27Z INFO HostContext] Well known directory 'Root': '/home/dad/Desktop/actions-runner'
[2026-02-20 01:15:27Z INFO Listener] Validating directory permissions for: '/home/dad/Desktop/actions-runner'
[2026-02-20 01:15:27Z INFO CommandLineParser] Parse
[2026-02-20 01:15:27Z INFO CommandLineParser] Parsing 1 args
[2026-02-20 01:15:27Z INFO CommandLineParser] parsing argument
[2026-02-20 01:15:27Z INFO CommandLineParser] HasArgs: False
[2026-02-20 01:15:27Z INFO CommandLineParser] Adding Command: run
[2026-02-20 01:15:27Z INFO Listener] Arguments parsed
[2026-02-20 01:15:27Z INFO Runner] ExecuteCommand
[2026-02-20 01:15:27Z INFO ConfigurationStore] currentAssemblyLocation: /home/dad/Desktop/actions-runner/bin/Runner.Listener.dll
[2026-02-20 01:15:27Z INFO HostContext] Well known directory 'Bin': '/home/dad/Desktop/actions-runner/bin'
[2026-02-20 01:15:27Z INFO ConfigurationStore] binPath: /home/dad/Desktop/actions-runner/bin
[2026-02-20 01:15:27Z INFO HostContext] Well known directory 'Bin': '/home/dad/Desktop/actions-runner/bin'
[2026-02-20 01:15:27Z INFO HostContext] Well known directory 'Root': '/home/dad/Desktop/actions-runner'
[2026-02-20 01:15:27Z INFO ConfigurationStore] RootFolder: /home/dad/Desktop/actions-runner
[2026-02-20 01:15:27Z INFO HostContext] Well known directory 'Bin': '/home/dad/Desktop/actions-runner/bin'
[2026-02-20 01:15:27Z INFO HostContext] Well known directory 'Root': '/home/dad/Desktop/actions-runner'
[2026-02-20 01:15:27Z INFO HostContext] Well known config file 'Runner': '/home/dad/Desktop/actions-runner/.runner'
[2026-02-20 01:15:27Z INFO ConfigurationStore] ConfigFilePath: /home/dad/Desktop/actions-runner/.runner
[2026-02-20 01:15:27Z INFO HostContext] Well known directory 'Bin': '/home/dad/Desktop/actions-runner/bin'
[2026-02-20 01:15:27Z INFO HostContext] Well known directory 'Root': '/home/dad/Desktop/actions-runner'
[2026-02-20 01:15:27Z INFO HostContext] Well known config file 'MigratedRunner': '/home/dad/Desktop/actions-runner/.runner_migrated'
[2026-02-20 01:15:27Z INFO ConfigurationStore] MigratedConfigFilePath: /home/dad/Desktop/actions-runner/.runner_migrated
[2026-02-20 01:15:27Z INFO HostContext] Well known directory 'Bin': '/home/dad/Desktop/actions-runner/bin'
[2026-02-20 01:15:27Z INFO HostContext] Well known directory 'Root': '/home/dad/Desktop/actions-runner'
[2026-02-20 01:15:27Z INFO HostContext] Well known config file 'Credentials': '/home/dad/Desktop/actions-runner/.credentials'
[2026-02-20 01:15:27Z INFO ConfigurationStore] CredFilePath: /home/dad/Desktop/actions-runner/.credentials
[2026-02-20 01:15:27Z INFO HostContext] Well known directory 'Bin': '/home/dad/Desktop/actions-runner/bin'
[2026-02-20 01:15:27Z INFO HostContext] Well known directory 'Root': '/home/dad/Desktop/actions-runner'
[2026-02-20 01:15:27Z INFO HostContext] Well known config file 'MigratedCredentials': '/home/dad/Desktop/actions-runner/.credentials_migrated'
[2026-02-20 01:15:27Z INFO ConfigurationStore] MigratedCredFilePath: /home/dad/Desktop/actions-runner/.credentials_migrated
[2026-02-20 01:15:27Z INFO HostContext] Well known directory 'Bin': '/home/dad/Desktop/actions-runner/bin'
[2026-02-20 01:15:27Z INFO HostContext] Well known directory 'Root': '/home/dad/Desktop/actions-runner'
[2026-02-20 01:15:27Z INFO HostContext] Well known config file 'Service': '/home/dad/Desktop/actions-runner/.service'
[2026-02-20 01:15:27Z INFO ConfigurationStore] ServiceConfigFilePath: /home/dad/Desktop/actions-runner/.service
[2026-02-20 01:15:27Z INFO CommandSettings] Flag 'help': 'False'
[2026-02-20 01:15:27Z INFO CommandSettings] Flag 'version': 'False'
[2026-02-20 01:15:27Z INFO CommandSettings] Flag 'commit': 'False'
[2026-02-20 01:15:27Z INFO CommandSettings] Flag 'check': 'False'
[2026-02-20 01:15:27Z INFO CommandSettings] Command 'configure': 'False'
[2026-02-20 01:15:27Z INFO CommandSettings] Command 'remove': 'False'
[2026-02-20 01:15:27Z INFO CommandSettings] Command 'warmup': 'False'
[2026-02-20 01:15:27Z INFO ConfigurationManager] LoadSettings
[2026-02-20 01:15:27Z INFO ConfigurationStore] IsConfigured()
[2026-02-20 01:15:27Z INFO ConfigurationStore] IsConfigured: True
[2026-02-20 01:15:27Z INFO ConfigurationManager] Is configured: True
[2026-02-20 01:15:27Z INFO ConfigurationStore] Read setting file: 400 chars
[2026-02-20 01:15:27Z INFO ConfigurationManager] Settings Loaded
[2026-02-20 01:15:27Z INFO ConfigurationStore] IsServiceConfigured()
[2026-02-20 01:15:27Z INFO ConfigurationStore] IsServiceConfigured: False
[2026-02-20 01:15:27Z INFO CommandSettings] Command 'run': 'True'
[2026-02-20 01:15:27Z INFO ConfigurationStore] IsConfigured()
[2026-02-20 01:15:27Z INFO ConfigurationStore] IsConfigured: True
[2026-02-20 01:15:27Z INFO ConfigurationManager] Is configured: True
[2026-02-20 01:15:27Z INFO Runner] Could not parse the argument value '' for StartupType. Defaulting to Manual
[2026-02-20 01:15:27Z INFO Runner] Set runner startup type - Manual
[2026-02-20 01:15:27Z INFO CommandSettings] Flag 'once': 'False'
[2026-02-20 01:15:27Z INFO CommandSettings] Flag 'once': 'False'
[2026-02-20 01:15:27Z INFO Runner] RunAsync
[2026-02-20 01:15:27Z INFO ConfigurationManager] LoadMigratedSettings
[2026-02-20 01:15:27Z INFO ConfigurationStore] IsMigratedConfigured()
[2026-02-20 01:15:27Z INFO ConfigurationStore] IsMigratedConfigured: False
[2026-02-20 01:15:27Z INFO Runner] Failed to load migrated settings: No migrated configuration found.
[2026-02-20 01:15:27Z INFO Runner] Falling back to original .runner settings
[2026-02-20 01:15:27Z INFO Runner] Using BrokerMessageListener
[2026-02-20 01:15:27Z INFO BrokerMessageListener] Using provided settings
[2026-02-20 01:15:27Z INFO BrokerMessageListener] {
  "AgentId": 3,
  "AgentName": "Ubuntu-22",
  "PoolId": 1,
  "PoolName": "Default",
  "ServerUrl": "https://pipelinesghubeus26.actions.githubusercontent.com/gUbJooLfFnWF2fPfTFPhT5NWXI2Wb4u9q2uXV1ZLjkR8kr7t1Q/",
  "GitHubUrl": "https://github.com/cu-ecen-aeld/assignment-1-distefs0869",
  "WorkFolder": "_work",
  "UseV2Flow": true,
  "ServerUrlV2": "https://broker.actions.githubusercontent.com/"
}
[2026-02-20 01:15:27Z INFO BrokerMessageListener] Loading Credentials
[2026-02-20 01:15:27Z INFO ConfigurationStore] HasCredentials()
[2026-02-20 01:15:27Z INFO ConfigurationStore] stored True
[2026-02-20 01:15:27Z INFO CredentialManager] GetCredentialProvider
[2026-02-20 01:15:27Z INFO CredentialManager] Creating type OAuth
[2026-02-20 01:15:27Z INFO CredentialManager] Creating credential type: OAuth
[2026-02-20 01:15:27Z INFO HostContext] Well known directory 'Bin': '/home/dad/Desktop/actions-runner/bin'
[2026-02-20 01:15:27Z INFO HostContext] Well known directory 'Root': '/home/dad/Desktop/actions-runner'
[2026-02-20 01:15:27Z INFO HostContext] Well known config file 'RSACredentials': '/home/dad/Desktop/actions-runner/.credentials_rsaparams'
[2026-02-20 01:15:27Z INFO RSAFileKeyManager] Loading RSA key parameters from file /home/dad/Desktop/actions-runner/.credentials_rsaparams
[2026-02-20 01:15:27Z INFO BrokerMessageListener] Attempt to create session.
[2026-02-20 01:15:27Z INFO BrokerMessageListener] Connecting to the Broker Server...
[2026-02-20 01:15:27Z INFO ConfigurationStore] HasCredentials()
[2026-02-20 01:15:27Z INFO ConfigurationStore] stored True
[2026-02-20 01:15:27Z INFO CredentialManager] GetCredentialProvider
[2026-02-20 01:15:27Z INFO CredentialManager] Creating type OAuth
[2026-02-20 01:15:27Z INFO CredentialManager] Creating credential type: OAuth
[2026-02-20 01:15:27Z INFO RSAFileKeyManager] Loading RSA key parameters from file /home/dad/Desktop/actions-runner/.credentials_rsaparams
[2026-02-20 01:15:27Z INFO BrokerMessageListener] VssConnection created
[2026-02-20 01:15:27Z INFO BrokerMessageListener] Connecting to the Runner server...
[2026-02-20 01:15:27Z INFO RunnerServer] EstablishVssConnection
[2026-02-20 01:15:27Z INFO RunnerServer] Establish connection with 100 seconds timeout.
[2026-02-20 01:15:27Z INFO GitHubActionsService] Starting operation Location.GetConnectionData
[2026-02-20 01:15:27Z INFO RunnerServer] EstablishVssConnection
[2026-02-20 01:15:27Z INFO RunnerServer] Establish connection with 60 seconds timeout.
[2026-02-20 01:15:27Z INFO GitHubActionsService] Starting operation Location.GetConnectionData
[2026-02-20 01:15:27Z INFO RunnerServer] EstablishVssConnection
[2026-02-20 01:15:27Z INFO RunnerServer] Establish connection with 60 seconds timeout.
[2026-02-20 01:15:27Z INFO GitHubActionsService] Starting operation Location.GetConnectionData
[2026-02-20 01:15:27Z INFO GitHubActionsService] Finished operation Location.GetConnectionData
[2026-02-20 01:15:27Z INFO GitHubActionsService] Finished operation Location.GetConnectionData
[2026-02-20 01:15:27Z INFO GitHubActionsService] Finished operation Location.GetConnectionData
[2026-02-20 01:15:27Z INFO BrokerMessageListener] VssConnection created
[2026-02-20 01:15:27Z INFO Terminal] WRITE LINE: 
[2026-02-20 01:15:27Z INFO Terminal] WRITE LINE: 
[2026-02-20 01:15:27Z INFO RSAFileKeyManager] Loading RSA key parameters from file /home/dad/Desktop/actions-runner/.credentials_rsaparams
[2026-02-20 01:15:27Z INFO RSAFileKeyManager] Loading RSA key parameters from file /home/dad/Desktop/actions-runner/.credentials_rsaparams
[2026-02-20 01:15:27Z ERR  GitHubActionsService] POST request to https://tokenghub.actions.githubusercontent.com/_apis/oauth2/token/ec56a40f-9572-4b16-bec4-e9f667394c62 failed. HTTP Status: BadRequest
[2026-02-20 01:15:27Z INFO GitHubActionsService] AAD Correlation ID for this token request: Unknown
[2026-02-20 01:15:27Z ERR  BrokerMessageListener] Catch exception during create session.
[2026-02-20 01:15:27Z ERR  BrokerMessageListener] GitHub.Services.OAuth.VssOAuthTokenRequestException: The token expired on 02/20/2026 01:20:28. Current server time is 02/20/2026 01:34:01.
   at GitHub.Services.OAuth.VssOAuthTokenProvider.OnGetTokenAsync(IssuedToken failedToken, CancellationToken cancellationToken)
   at GitHub.Services.Common.IssuedTokenProvider.GetTokenOperation.GetTokenAsync(VssTraceActivity traceActivity)
   at GitHub.Services.Common.IssuedTokenProvider.GetTokenAsync(IssuedToken failedToken, CancellationToken cancellationToken)
   at GitHub.Services.Common.RawHttpMessageHandler.SendAsync(HttpRequestMessage request, CancellationToken cancellationToken)
   at GitHub.Services.Common.VssHttpRetryMessageHandler.SendAsync(HttpRequestMessage request, CancellationToken cancellationToken)
   at System.Net.Http.HttpClient.<SendAsync>g__Core|83_0(HttpRequestMessage request, HttpCompletionOption completionOption, CancellationTokenSource cts, Boolean disposeCts, CancellationTokenSource pendingRequestsCts, CancellationToken originalCancellationToken)
   at Sdk.WebApi.WebApi.RawHttpClientBase.SendAsync(HttpRequestMessage message, HttpCompletionOption completionOption, Object userState, CancellationToken cancellationToken)
   at Sdk.WebApi.WebApi.RawHttpClientBase.SendAsync[T](HttpRequestMessage message, Boolean readErrorBody, Object userState, CancellationToken cancellationToken)
   at Sdk.WebApi.WebApi.RawHttpClientBase.SendAsync[T](HttpMethod method, IEnumerable`1 additionalHeaders, Uri requestUri, HttpContent content, IEnumerable`1 queryParameters, Boolean readErrorBody, Object userState, CancellationToken cancellationToken)
   at GitHub.Actions.RunService.WebApi.BrokerHttpClient.CreateSessionAsync(TaskAgentSession session, CancellationToken cancellationToken)
   at GitHub.Runner.Common.BrokerServer.CreateSessionAsync(TaskAgentSession session, CancellationToken cancellationToken)
   at GitHub.Runner.Listener.BrokerMessageListener.CreateSessionAsync(CancellationToken token)
[2026-02-20 01:15:27Z ERR  Terminal] WRITE ERROR: Failed to create a session. The runner registration has been deleted from the server, please re-configure. Runner registrations are automatically deleted for runners that have not connected to the service recently.
[2026-02-20 01:15:27Z INFO Listener] Runner execution has finished with return code 1
